--- Copying all files to /root/.m2 at Sun May 29 15:14:10 UTC 2022
'./settings-docker.xml' -> '/root/.m2/./settings-docker.xml'

--- Copying individual files to /root/.m2 at Sun May 29 15:18:36 UTC 2022

--- Copying individual files to /root/.m2 at Sun May 29 15:26:35 UTC 2022

--- Copying individual files to /root/.m2 at Sun May 29 15:32:01 UTC 2022

<<<<<<< HEAD
--- Copying individual files to /root/.m2 at Sun May 29 16:53:33 UTC 2022
=======
--- Copying individual files to /root/.m2 at Mon May 30 00:49:25 UTC 2022

--- Copying individual files to /root/.m2 at Mon May 30 00:55:55 UTC 2022

--- Copying individual files to /root/.m2 at Mon May 30 13:16:15 UTC 2022

--- Copying individual files to /root/.m2 at Mon May 30 13:24:56 UTC 2022

--- Copying individual files to /root/.m2 at Mon May 30 13:59:47 UTC 2022

--- Copying individual files to /root/.m2 at Mon May 30 18:00:44 UTC 2022

--- Copying individual files to /root/.m2 at Mon May 30 18:01:57 UTC 2022

--- Copying individual files to /root/.m2 at Mon May 30 18:04:06 UTC 2022

--- Copying individual files to /root/.m2 at Mon May 30 18:08:07 UTC 2022

--- Copying individual files to /root/.m2 at Mon May 30 18:10:10 UTC 2022

--- Copying individual files to /root/.m2 at Mon May 30 18:13:34 UTC 2022

--- Copying individual files to /root/.m2 at Mon May 30 18:21:48 UTC 2022

--- Copying individual files to /root/.m2 at Mon May 30 18:22:21 UTC 2022
>>>>>>> fetcher-login-api

--- Copying individual files to /root/.m2 at Mon Jun  6 21:45:52 UTC 2022

--- Copying individual files to /root/.m2 at Mon Jun  6 21:49:30 UTC 2022

--- Copying individual files to /root/.m2 at Mon Jun  6 21:51:18 UTC 2022

--- Copying individual files to /root/.m2 at Mon Jun  6 21:53:28 UTC 2022

--- Copying individual files to /root/.m2 at Mon Jun  6 21:55:10 UTC 2022

--- Copying individual files to /root/.m2 at Mon Jun  6 21:55:41 UTC 2022

--- Copying individual files to /root/.m2 at Mon Jun  6 21:56:43 UTC 2022

--- Copying individual files to /root/.m2 at Mon Jun  6 22:32:28 UTC 2022

--- Copying individual files to /root/.m2 at Mon Jun  6 22:32:40 UTC 2022

--- Copying individual files to /root/.m2 at Mon Jun  6 22:34:35 UTC 2022

--- Copying individual files to /root/.m2 at Mon Jun  6 22:50:43 UTC 2022

--- Copying individual files to /root/.m2 at Mon Jun  6 22:51:57 UTC 2022

